d:\swapnil\projects\source\repos\pgegalaga\pgegalaga\debug\pgegalaga.pch
d:\swapnil\projects\source\repos\pgegalaga\pgegalaga\debug\vc141.pdb
d:\swapnil\projects\source\repos\pgegalaga\pgegalaga\debug\vc141.idb
d:\swapnil\projects\source\repos\pgegalaga\pgegalaga\debug\stdafx.obj
d:\swapnil\projects\source\repos\pgegalaga\pgegalaga\debug\globals.obj
d:\swapnil\projects\source\repos\pgegalaga\pgegalaga\debug\resource_levelpositions.obj
d:\swapnil\projects\source\repos\pgegalaga\pgegalaga\debug\resource_animation.obj
d:\swapnil\projects\source\repos\pgegalaga\pgegalaga\debug\resourcemanager.obj
d:\swapnil\projects\source\repos\pgegalaga\pgegalaga\debug\playingstate.obj
d:\swapnil\projects\source\repos\pgegalaga\pgegalaga\debug\player.obj
d:\swapnil\projects\source\repos\pgegalaga\pgegalaga\debug\menuhandler.obj
d:\swapnil\projects\source\repos\pgegalaga\pgegalaga\debug\mainmenustate.obj
d:\swapnil\projects\source\repos\pgegalaga\pgegalaga\debug\levelmanager.obj
d:\swapnil\projects\source\repos\pgegalaga\pgegalaga\debug\instructionsmenustate.obj
d:\swapnil\projects\source\repos\pgegalaga\pgegalaga\debug\inputmanager.obj
d:\swapnil\projects\source\repos\pgegalaga\pgegalaga\debug\graphicsmanager.obj
d:\swapnil\projects\source\repos\pgegalaga\pgegalaga\debug\gamewonstate.obj
d:\swapnil\projects\source\repos\pgegalaga\pgegalaga\debug\gamestatemanager.obj
d:\swapnil\projects\source\repos\pgegalaga\pgegalaga\debug\gameoverstate.obj
d:\swapnil\projects\source\repos\pgegalaga\pgegalaga\debug\gamemanager.obj
d:\swapnil\projects\source\repos\pgegalaga\pgegalaga\debug\gameexitstate.obj
d:\swapnil\projects\source\repos\pgegalaga\pgegalaga\debug\enemy.obj
d:\swapnil\projects\source\repos\pgegalaga\pgegalaga\debug\creditsmenustate.obj
d:\swapnil\projects\source\repos\pgegalaga\pgegalaga\debug\bullet.obj
d:\swapnil\projects\source\repos\pgegalaga\pgegalaga\debug\audiomanager.obj
d:\swapnil\projects\source\repos\pgegalaga\pgegalaga\debug\worldentity.obj
d:\swapnil\projects\source\repos\pgegalaga\pgegalaga\debug\world.obj
d:\swapnil\projects\source\repos\pgegalaga\pgegalaga\debug\source.obj
d:\swapnil\projects\source\repos\pgegalaga\pgegalaga\debug\resource_wrapper.obj
d:\swapnil\projects\source\repos\pgegalaga\pgegalaga\debug\resource_texture.obj
d:\swapnil\projects\source\repos\pgegalaga\pgegalaga\debug\resource_sprite.obj
d:\swapnil\projects\source\repos\pgegalaga\pgegalaga\debug\resource_font.obj
d:\swapnil\projects\source\repos\pgegalaga\pgegalaga\debug\resource_audio.obj
d:\swapnil\projects\source\repos\pgegalaga\debug\pgegalaga.pdb
d:\swapnil\projects\source\repos\pgegalaga\pgegalaga\debug\pgegalaga.tlog\cl.command.1.tlog
d:\swapnil\projects\source\repos\pgegalaga\pgegalaga\debug\pgegalaga.tlog\cl.read.1.tlog
d:\swapnil\projects\source\repos\pgegalaga\pgegalaga\debug\pgegalaga.tlog\cl.write.1.tlog
d:\swapnil\projects\source\repos\pgegalaga\pgegalaga\debug\pgegalaga.tlog\link-cvtres.read.1.tlog
d:\swapnil\projects\source\repos\pgegalaga\pgegalaga\debug\pgegalaga.tlog\link-cvtres.write.1.tlog
d:\swapnil\projects\source\repos\pgegalaga\pgegalaga\debug\pgegalaga.tlog\link-rc.read.1.tlog
d:\swapnil\projects\source\repos\pgegalaga\pgegalaga\debug\pgegalaga.tlog\link-rc.write.1.tlog
d:\swapnil\projects\source\repos\pgegalaga\pgegalaga\debug\pgegalaga.tlog\link.12384-cvtres.read.1.tlog
d:\swapnil\projects\source\repos\pgegalaga\pgegalaga\debug\pgegalaga.tlog\link.12384-cvtres.write.1.tlog
d:\swapnil\projects\source\repos\pgegalaga\pgegalaga\debug\pgegalaga.tlog\link.12384-rc.read.1.tlog
d:\swapnil\projects\source\repos\pgegalaga\pgegalaga\debug\pgegalaga.tlog\link.12384-rc.write.1.tlog
d:\swapnil\projects\source\repos\pgegalaga\pgegalaga\debug\pgegalaga.tlog\link.12384.read.1.tlog
d:\swapnil\projects\source\repos\pgegalaga\pgegalaga\debug\pgegalaga.tlog\link.12384.write.1.tlog
d:\swapnil\projects\source\repos\pgegalaga\pgegalaga\debug\pgegalaga.tlog\link.command.1.tlog
d:\swapnil\projects\source\repos\pgegalaga\pgegalaga\debug\pgegalaga.tlog\link.read.1.tlog
d:\swapnil\projects\source\repos\pgegalaga\pgegalaga\debug\pgegalaga.tlog\link.write.1.tlog
